[LOG--:]2020/07/03 - 09:27:37.278 C:/IDEAForGo/GoProject/src/student/initialize/router.go:11 ▶ [DEBUG] use middleware logger
[LOG--:]2020/07/03 - 09:27:37.281 C:/IDEAForGo/GoProject/src/student/initialize/router.go:17 ▶ [INFO] router register success
[LOG--:]2020/07/03 - 09:27:37.282 C:/IDEAForGo/GoProject/src/student/init/server.go:30 ▶ [DEBUG] server run success on  :8889
[LOG--:]2020/07/03 - 14:48:18.074 C:/IDEAForGo/GoProject/src/student/initialize/mysql.go:13 ▶ [ERROR] Mysql 启动异常 sql: unknown driver "mysql" (forgotten import?)
[LOG--:]2020/07/03 - 14:48:46.365 C:/IDEAForGo/GoProject/src/student/initialize/mysql.go:13 ▶ [ERROR] Mysql 启动异常 sql: unknown driver "mysql" (forgotten import?)
[LOG--:]2020/07/03 - 15:00:23.023 C:/IDEAForGo/GoProject/src/student/initialize/mysql.go:13 ▶ [ERROR] Mysql 启动异常 sql: unknown driver "mysql" (forgotten import?)
[LOG--:]2020/07/03 - 15:03:10.757 C:/IDEAForGo/GoProject/src/student/initialize/mysql.go:13 ▶ [ERROR] Mysql 启动异常 sql: unknown driver "mysql" (forgotten import?)
[LOG--:]2020/07/03 - 15:03:59.418 C:/IDEAForGo/GoProject/src/student/initialize/mysql.go:13 ▶ [ERROR] Mysql 启动异常 sql: unknown driver "mysql" (forgotten import?)
[LOG--:]2020/07/03 - 15:11:05.596 C:/IDEAForGo/GoProject/src/student/initialize/db_tables.go:16 ▶ [DEBUG] register db tables success
[LOG--:]2020/07/03 - 15:11:05.598 C:/IDEAForGo/GoProject/src/student/initialize/router.go:11 ▶ [DEBUG] use middleware logger
[LOG--:]2020/07/03 - 15:11:05.598 C:/IDEAForGo/GoProject/src/student/initialize/router.go:17 ▶ [INFO] router register success
[LOG--:]2020/07/03 - 15:11:05.599 C:/IDEAForGo/GoProject/src/student/init/server.go:30 ▶ [DEBUG] server run success on  :8889
[LOG--:]2020/07/03 - 15:11:51.777 C:/IDEAForGo/GoProject/src/student/initialize/db_tables.go:16 ▶ [DEBUG] register db tables success
[LOG--:]2020/07/03 - 15:11:51.784 C:/IDEAForGo/GoProject/src/student/initialize/router.go:11 ▶ [DEBUG] use middleware logger
[LOG--:]2020/07/03 - 15:11:51.785 C:/IDEAForGo/GoProject/src/student/initialize/router.go:17 ▶ [INFO] router register success
[LOG--:]2020/07/03 - 15:11:51.786 C:/IDEAForGo/GoProject/src/student/init/server.go:30 ▶ [DEBUG] server run success on  :8889
[LOG--:]2020/07/03 - 16:01:01.278 C:/IDEAForGo/GoProject/src/student/initialize/db_tables.go:25 ▶ [DEBUG] register db tables success
[LOG--:]2020/07/03 - 16:01:01.280 C:/IDEAForGo/GoProject/src/student/initialize/router.go:11 ▶ [DEBUG] use middleware logger
[LOG--:]2020/07/03 - 16:01:01.280 C:/IDEAForGo/GoProject/src/student/initialize/router.go:17 ▶ [INFO] router register success
[LOG--:]2020/07/03 - 16:01:01.281 C:/IDEAForGo/GoProject/src/student/init/server.go:30 ▶ [DEBUG] server run success on  :8889
[LOG--:]2020/07/03 - 16:08:13.670 C:/IDEAForGo/GoProject/src/student/initialize/db_tables.go:25 ▶ [DEBUG] register db tables success
[LOG--:]2020/07/03 - 16:08:13.673 C:/IDEAForGo/GoProject/src/student/initialize/router.go:11 ▶ [DEBUG] use middleware logger
[LOG--:]2020/07/03 - 16:08:13.673 C:/IDEAForGo/GoProject/src/student/initialize/router.go:17 ▶ [INFO] router register success
[LOG--:]2020/07/03 - 16:08:13.674 C:/IDEAForGo/GoProject/src/student/init/server.go:30 ▶ [DEBUG] server run success on  :8889
